HH:mm:ss:fff             === Log Initialized @ October 19, 2023 7:55:39 PM ===  { Filter: 95 (ALL, TRACE) }
15:55:39:511  [DEBUG]    Successfully loaded language config 'C:\Users\Administrator\AppData\Local\radj307\VolumeControl\Localization\de.loc.json'
15:55:39:517  [DEBUG]    Successfully loaded language config 'C:\Users\Administrator\AppData\Local\radj307\VolumeControl\Localization\en.loc.json'
15:55:39:518  [DEBUG]    Successfully loaded language config 'C:\Users\Administrator\AppData\Local\radj307\VolumeControl\Localization\fr.loc.json'
15:55:39:519  [DEBUG]    Successfully loaded language config 'C:\Users\Administrator\AppData\Local\radj307\VolumeControl\Localization\it.loc.json'
15:55:39:520  [DEBUG]    Successfully loaded language config 'C:\Users\Administrator\AppData\Local\radj307\VolumeControl\Localization\pt.loc.json'
15:55:39:522  [INFO]     The version number in the settings file was 0.0.0, settings will be upgraded to 6.1.1-rev1.
15:55:39:736  [DEBUG]    VCSettings initializing...
15:55:39:824  [DEBUG]    .ctor is setting the hook source to '396402' (Was null)
15:55:39:826  [DEBUG]    Attached a message hook from 'AddMaximizeBugFixHandler'.
15:55:39:830  [DEBUG]    Executable location: 'X:\_Workspace\_repo\volume-control\VolumeControl\bin\Debug\net6.0-windows\win-x64\VolumeControl.exe'
                         Working directory:   'X:\_Workspace\_repo\volume-control\VolumeControl'
15:55:39:830  [INFO]     Volume Control version 6.1.1-rev1 (DEBUG)
15:55:39:928  [INFO]     Microsoft Windows 10 Enterprise N LTSC (64-bit)
15:55:39:928  [DEBUG]    VCSettings initialization completed.
15:55:40:290  [DEBUG]    Started initializing CoreAudio APIs.
15:55:40:409  [TRACE]    Created AudioSession instance "0:Idle"
15:55:40:412  [TRACE]    Created AudioSession instance "1704:TeamSpeak"
15:55:40:414  [TRACE]    Created AudioSession instance "11100:PowerToys.Peek.UI"
15:55:40:416  [TRACE]    Created AudioSession instance "4032:Deezer"
15:55:40:419  [TRACE]    Created AudioSession instance "10384:firefox"
15:55:40:419  [TRACE]    Created AudioDevice instance "Speakers (USB Audio CODEC )"
15:55:40:528  [TRACE]    Created AudioSession instance "0:Idle"
15:55:40:529  [TRACE]    Created AudioDevice instance "VirtualOut (VB-Audio Hi-Fi Cable)"
15:55:40:550  [DEBUG]    Successfully initialized 2 audio devices.
15:55:40:587  [DEBUG]    Successfully initialized 5  audio sessions.
15:55:40:587  [DEBUG]    Finished initializing CoreAudio APIs.
15:55:40:593  [TRACE]    [ActionLoader] Loaded VolumeControl.HotkeyActions.AudioDeviceActions.VolumeUp(Object sender, HandledEventArgs e).
15:55:40:593  [TRACE]    [ActionLoader] Loaded VolumeControl.HotkeyActions.AudioDeviceActions.VolumeDown(Object sender, HandledEventArgs e).
15:55:40:593  [TRACE]    [ActionLoader] Loaded VolumeControl.HotkeyActions.AudioDeviceActions.Mute(Object sender, HandledEventArgs e).
15:55:40:593  [TRACE]    [ActionLoader] Loaded VolumeControl.HotkeyActions.AudioDeviceActions.Unmute(Object sender, HandledEventArgs e).
15:55:40:594  [TRACE]    [ActionLoader] Loaded VolumeControl.HotkeyActions.AudioDeviceActions.ToggleMute(Object sender, HandledEventArgs e).
15:55:40:594  [TRACE]    [ActionLoader] Loaded VolumeControl.HotkeyActions.AudioDeviceActions.SelectNext(Object sender, HandledEventArgs e).
15:55:40:594  [TRACE]    [ActionLoader] Loaded VolumeControl.HotkeyActions.AudioDeviceActions.SelectPrevious(Object sender, HandledEventArgs e).
15:55:40:594  [TRACE]    [ActionLoader] Loaded VolumeControl.HotkeyActions.AudioDeviceActions.Deselect(Object sender, HandledEventArgs e).
15:55:40:594  [TRACE]    [ActionLoader] Loaded VolumeControl.HotkeyActions.AudioDeviceActions.SelectDefault(Object sender, HandledEventArgs e).
15:55:40:594  [TRACE]    [ActionLoader] Loaded VolumeControl.HotkeyActions.AudioDeviceActions.Lock(Object sender, HandledEventArgs e).
15:55:40:594  [TRACE]    [ActionLoader] Loaded VolumeControl.HotkeyActions.AudioDeviceActions.Unlock(Object sender, HandledEventArgs e).
15:55:40:595  [TRACE]    [ActionLoader] Loaded VolumeControl.HotkeyActions.AudioDeviceActions.ToggleLock(Object sender, HandledEventArgs e).
15:55:40:595  [DEBUG]    [ActionLoader] Loaded 12 actions from VolumeControl.HotkeyActions.AudioDeviceActions
15:55:40:612  [TRACE]    [ActionLoader] Loaded VolumeControl.HotkeyActions.AudioSessionActions.VolumeUp(Object sender, HotkeyActionPressedEventArgs e).
                                        + Setting "Target Override(s)"  . . . . . (VolumeControl.Core.ActionTargetSpecifier)
                                        + Setting "Select Target Override(s)" . . (System.Boolean)
                                        + Setting "Override Volume Step"  . . . . (System.Boolean)
                                        + Setting "Volume Step" . . . . . . . . . (System.Int32)
15:55:40:613  [TRACE]    [ActionLoader] Loaded VolumeControl.HotkeyActions.AudioSessionActions.VolumeDown(Object sender, HotkeyActionPressedEventArgs e).
                                        + Setting "Target Override(s)"  . . . . . (VolumeControl.Core.ActionTargetSpecifier)
                                        + Setting "Select Target Override(s)" . . (System.Boolean)
                                        + Setting "Override Volume Step"  . . . . (System.Boolean)
                                        + Setting "Volume Step" . . . . . . . . . (System.Int32)
15:55:40:613  [TRACE]    [ActionLoader] Loaded VolumeControl.HotkeyActions.AudioSessionActions.SetVolume(Object sender, HotkeyActionPressedEventArgs e).
                                        + Setting "Target Override(s)"  . . . . . (VolumeControl.Core.ActionTargetSpecifier)
                                        + Setting "Select Target Override(s)" . . (System.Boolean)
                                        + Setting "Volume Level"  . . . . . . . . (System.Int32)
15:55:40:613  [TRACE]    [ActionLoader] Loaded VolumeControl.HotkeyActions.AudioSessionActions.Mute(Object sender, HotkeyActionPressedEventArgs e).
                                        + Setting "Target Override(s)"  . . . . . (VolumeControl.Core.ActionTargetSpecifier)
                                        + Setting "Select Target Override(s)" . . (System.Boolean)
15:55:40:613  [TRACE]    [ActionLoader] Loaded VolumeControl.HotkeyActions.AudioSessionActions.Unmute(Object sender, HotkeyActionPressedEventArgs e).
                                        + Setting "Target Override(s)"  . . . . . (VolumeControl.Core.ActionTargetSpecifier)
                                        + Setting "Select Target Override(s)" . . (System.Boolean)
15:55:40:614  [TRACE]    [ActionLoader] Loaded VolumeControl.HotkeyActions.AudioSessionActions.ToggleMute(Object sender, HotkeyActionPressedEventArgs e).
                                        + Setting "Target Override(s)"  . . . . . (VolumeControl.Core.ActionTargetSpecifier)
                                        + Setting "Select Target Override(s)" . . (System.Boolean)
15:55:40:614  [TRACE]    [ActionLoader] Loaded VolumeControl.HotkeyActions.AudioSessionActions.SelectNext(Object sender, HotkeyActionPressedEventArgs e).
15:55:40:614  [TRACE]    [ActionLoader] Loaded VolumeControl.HotkeyActions.AudioSessionActions.SelectPrevious(Object sender, HotkeyActionPressedEventArgs e).
15:55:40:614  [TRACE]    [ActionLoader] Loaded VolumeControl.HotkeyActions.AudioSessionActions.Lock(Object sender, HotkeyActionPressedEventArgs e).
15:55:40:614  [TRACE]    [ActionLoader] Loaded VolumeControl.HotkeyActions.AudioSessionActions.Unlock(Object sender, HotkeyActionPressedEventArgs e).
15:55:40:614  [TRACE]    [ActionLoader] Loaded VolumeControl.HotkeyActions.AudioSessionActions.ToggleLock(Object sender, HotkeyActionPressedEventArgs e).
15:55:40:614  [TRACE]    [ActionLoader] Loaded VolumeControl.HotkeyActions.AudioSessionActions.Deselect(Object sender, HotkeyActionPressedEventArgs e).
15:55:40:615  [TRACE]    [ActionLoader] Loaded VolumeControl.HotkeyActions.AudioSessionActions.ToggleSelected(Object sender, HotkeyActionPressedEventArgs e).
15:55:40:615  [DEBUG]    [ActionLoader] Loaded 13 actions from VolumeControl.HotkeyActions.AudioSessionActions
15:55:40:615  [TRACE]    [ActionLoader] Loaded VolumeControl.HotkeyActions.ActiveApplicationActions.VolumeUp(Object sender, HotkeyActionPressedEventArgs e).
                                        + Setting "Select Session"  . . . . . . . (System.Boolean)
15:55:40:615  [TRACE]    [ActionLoader] Loaded VolumeControl.HotkeyActions.ActiveApplicationActions.VolumeDown(Object sender, HotkeyActionPressedEventArgs e).
                                        + Setting "Select Session"  . . . . . . . (System.Boolean)
15:55:40:615  [TRACE]    [ActionLoader] Loaded VolumeControl.HotkeyActions.ActiveApplicationActions.Mute(Object sender, HotkeyActionPressedEventArgs e).
                                        + Setting "Select Session"  . . . . . . . (System.Boolean)
15:55:40:615  [TRACE]    [ActionLoader] Loaded VolumeControl.HotkeyActions.ActiveApplicationActions.Unmute(Object sender, HotkeyActionPressedEventArgs e).
                                        + Setting "Select Session"  . . . . . . . (System.Boolean)
15:55:40:616  [TRACE]    [ActionLoader] Loaded VolumeControl.HotkeyActions.ActiveApplicationActions.ToggleMute(Object sender, HotkeyActionPressedEventArgs e).
                                        + Setting "Select Session"  . . . . . . . (System.Boolean)
15:55:40:616  [DEBUG]    [ActionLoader] Loaded 5 actions from VolumeControl.HotkeyActions.ActiveApplicationActions
15:55:40:616  [TRACE]    [ActionLoader] Loaded VolumeControl.HotkeyActions.ApplicationActions.ToggleSessionNotifications(Object sender, HandledEventArgs e).
15:55:40:616  [TRACE]    [ActionLoader] Loaded VolumeControl.HotkeyActions.ApplicationActions.ToggleDeviceNotifications(Object sender, HandledEventArgs e).
15:55:40:616  [TRACE]    [ActionLoader] Loaded VolumeControl.HotkeyActions.ApplicationActions.BringToForeground(Object sender, HandledEventArgs e).
15:55:40:616  [TRACE]    [ActionLoader] Loaded VolumeControl.HotkeyActions.ApplicationActions.SendToBackground(Object sender, HandledEventArgs e).
15:55:40:617  [TRACE]    [ActionLoader] Loaded VolumeControl.HotkeyActions.ApplicationActions.Minimize(Object sender, HandledEventArgs e).
15:55:40:617  [TRACE]    [ActionLoader] Loaded VolumeControl.HotkeyActions.ApplicationActions.Unminimize(Object sender, HandledEventArgs e).
15:55:40:617  [DEBUG]    [ActionLoader] Loaded 6 actions from VolumeControl.HotkeyActions.ApplicationActions
15:55:40:617  [TRACE]    [ActionLoader] Loaded VolumeControl.HotkeyActions.MediaActions.NextTrack(Object sender, HandledEventArgs e).
15:55:40:617  [TRACE]    [ActionLoader] Loaded VolumeControl.HotkeyActions.MediaActions.PreviousTrack(Object sender, HandledEventArgs e).
15:55:40:617  [TRACE]    [ActionLoader] Loaded VolumeControl.HotkeyActions.MediaActions.TogglePlayback(Object sender, HandledEventArgs e).
15:55:40:617  [TRACE]    [ActionLoader] Loaded VolumeControl.HotkeyActions.MediaActions.StopPlayback(Object sender, HandledEventArgs e).
15:55:40:618  [DEBUG]    [ActionLoader] Loaded 4 actions from VolumeControl.HotkeyActions.MediaActions
15:55:40:618  [DEBUG]    [ActionLoader] Loaded 40 total actions from 5 action groups.
15:55:40:619  [CRITICAL] There was a problem with the hotkeys provided by the previous configuration. Attempting to load default hotkeys instead.
15:56:34:409  [DEBUG]    Config property 'KeepRelativePosition' was modified.
15:56:40:787  [DEBUG]    Config property 'KeepRelativePosition' was modified.
15:56:44:649  [DEBUG]    Config property 'LockTargetSession' was modified.
15:56:44:669  [TRACE]    Successfully executed action "Toggle Lock".
15:56:45:125  [DEBUG]    Config property 'LockTargetSession' was modified.
15:56:45:127  [TRACE]    Successfully executed action "Toggle Lock".
16:01:35:155  [INFO]     App exited with code 0
